{"C:\\Users\\Felhasznalo\\OneDrive\\Asztali gép\\VizsgaRemek\\API\\api\\repositories\\CommentRepository.js": {"path":"C:\\Users\\Felhasznalo\\OneDrive\\Asztali gép\\VizsgaRemek\\API\\api\\repositories\\CommentRepository.js","statementMap":{"0":{"start":{"line":1,"column":11},"end":{"line":1,"column":43}},"1":{"start":{"line":5,"column":8},"end":{"line":11,"column":11}},"2":{"start":{"line":15,"column":24},"end":{"line":15,"column":78}},"3":{"start":{"line":16,"column":8},"end":{"line":16,"column":34}},"4":{"start":{"line":16,"column":22},"end":{"line":16,"column":34}},"5":{"start":{"line":18,"column":8},"end":{"line":18,"column":31}},"6":{"start":{"line":19,"column":8},"end":{"line":19,"column":29}},"7":{"start":{"line":21,"column":8},"end":{"line":21,"column":23}},"8":{"start":{"line":25,"column":8},"end":{"line":25,"column":65}},"9":{"start":{"line":29,"column":8},"end":{"line":29,"column":70}},"10":{"start":{"line":33,"column":8},"end":{"line":33,"column":70}},"11":{"start":{"line":37,"column":0},"end":{"line":37,"column":41}}},"fnMap":{"0":{"name":"(anonymous_0)","decl":{"start":{"line":4,"column":4},"end":{"line":4,"column":5}},"loc":{"start":{"line":4,"column":49},"end":{"line":12,"column":5}},"line":4},"1":{"name":"(anonymous_1)","decl":{"start":{"line":14,"column":4},"end":{"line":14,"column":5}},"loc":{"start":{"line":14,"column":48},"end":{"line":22,"column":5}},"line":14},"2":{"name":"(anonymous_2)","decl":{"start":{"line":24,"column":4},"end":{"line":24,"column":5}},"loc":{"start":{"line":24,"column":40},"end":{"line":26,"column":5}},"line":24},"3":{"name":"(anonymous_3)","decl":{"start":{"line":28,"column":4},"end":{"line":28,"column":5}},"loc":{"start":{"line":28,"column":37},"end":{"line":30,"column":5}},"line":28},"4":{"name":"(anonymous_4)","decl":{"start":{"line":32,"column":4},"end":{"line":32,"column":5}},"loc":{"start":{"line":32,"column":35},"end":{"line":34,"column":5}},"line":32}},"branchMap":{"0":{"loc":{"start":{"line":16,"column":8},"end":{"line":16,"column":34}},"type":"if","locations":[{"start":{"line":16,"column":8},"end":{"line":16,"column":34}},{"start":{},"end":{}}],"line":16}},"s":{"0":1,"1":3,"2":0,"3":0,"4":0,"5":0,"6":0,"7":0,"8":1,"9":1,"10":1,"11":1},"f":{"0":3,"1":0,"2":1,"3":1,"4":1},"b":{"0":[0,0]},"_coverageSchema":"1a1c01bbd47fc00a2c39e90264f33305004495a9","hash":"0757988b1fe884d498bfe0196d8e5e7297ec0cbf"}
,"C:\\Users\\Felhasznalo\\OneDrive\\Asztali gép\\VizsgaRemek\\API\\api\\repositories\\PlaceRepository.js": {"path":"C:\\Users\\Felhasznalo\\OneDrive\\Asztali gép\\VizsgaRemek\\API\\api\\repositories\\PlaceRepository.js","statementMap":{"0":{"start":{"line":1,"column":11},"end":{"line":1,"column":43}},"1":{"start":{"line":5,"column":8},"end":{"line":5,"column":43}},"2":{"start":{"line":9,"column":8},"end":{"line":9,"column":43}},"3":{"start":{"line":13,"column":8},"end":{"line":13,"column":40}},"4":{"start":{"line":17,"column":0},"end":{"line":17,"column":39}}},"fnMap":{"0":{"name":"(anonymous_0)","decl":{"start":{"line":4,"column":4},"end":{"line":4,"column":5}},"loc":{"start":{"line":4,"column":28},"end":{"line":6,"column":5}},"line":4},"1":{"name":"(anonymous_1)","decl":{"start":{"line":8,"column":4},"end":{"line":8,"column":5}},"loc":{"start":{"line":8,"column":27},"end":{"line":10,"column":5}},"line":8},"2":{"name":"(anonymous_2)","decl":{"start":{"line":12,"column":4},"end":{"line":12,"column":5}},"loc":{"start":{"line":12,"column":25},"end":{"line":14,"column":5}},"line":12}},"branchMap":{},"s":{"0":2,"1":2,"2":1,"3":1,"4":2},"f":{"0":2,"1":1,"2":1},"b":{},"_coverageSchema":"1a1c01bbd47fc00a2c39e90264f33305004495a9","hash":"90d0c357f7bc0158b76d17b3de944f78fd11ec82"}
,"C:\\Users\\Felhasznalo\\OneDrive\\Asztali gép\\VizsgaRemek\\API\\api\\repositories\\RatingRepository.js": {"path":"C:\\Users\\Felhasznalo\\OneDrive\\Asztali gép\\VizsgaRemek\\API\\api\\repositories\\RatingRepository.js","statementMap":{"0":{"start":{"line":1,"column":11},"end":{"line":1,"column":43}},"1":{"start":{"line":5,"column":4},"end":{"line":9,"column":7}},"2":{"start":{"line":14,"column":27},"end":{"line":17,"column":5}},"3":{"start":{"line":18,"column":4},"end":{"line":18,"column":24}},"4":{"start":{"line":22,"column":4},"end":{"line":22,"column":88}},"5":{"start":{"line":26,"column":4},"end":{"line":26,"column":88}},"6":{"start":{"line":30,"column":0},"end":{"line":30,"column":40}}},"fnMap":{"0":{"name":"(anonymous_0)","decl":{"start":{"line":4,"column":2},"end":{"line":4,"column":3}},"loc":{"start":{"line":4,"column":48},"end":{"line":10,"column":3}},"line":4},"1":{"name":"(anonymous_1)","decl":{"start":{"line":12,"column":2},"end":{"line":12,"column":3}},"loc":{"start":{"line":12,"column":53},"end":{"line":19,"column":3}},"line":12},"2":{"name":"(anonymous_2)","decl":{"start":{"line":21,"column":2},"end":{"line":21,"column":3}},"loc":{"start":{"line":21,"column":38},"end":{"line":23,"column":3}},"line":21},"3":{"name":"(anonymous_3)","decl":{"start":{"line":25,"column":2},"end":{"line":25,"column":3}},"loc":{"start":{"line":25,"column":40},"end":{"line":27,"column":3}},"line":25}},"branchMap":{},"s":{"0":1,"1":2,"2":1,"3":1,"4":2,"5":3,"6":1},"f":{"0":2,"1":1,"2":2,"3":3},"b":{},"_coverageSchema":"1a1c01bbd47fc00a2c39e90264f33305004495a9","hash":"78441d45ecf7ce7e8267c343de3ba2d852b36b20"}
,"C:\\Users\\Felhasznalo\\OneDrive\\Asztali gép\\VizsgaRemek\\API\\api\\repositories\\UserRepository.js": {"path":"C:\\Users\\Felhasznalo\\OneDrive\\Asztali gép\\VizsgaRemek\\API\\api\\repositories\\UserRepository.js","statementMap":{"0":{"start":{"line":1,"column":11},"end":{"line":1,"column":43}},"1":{"start":{"line":2,"column":15},"end":{"line":2,"column":32}},"2":{"start":{"line":6,"column":31},"end":{"line":6,"column":62}},"3":{"start":{"line":8,"column":8},"end":{"line":14,"column":11}},"4":{"start":{"line":18,"column":8},"end":{"line":18,"column":59}},"5":{"start":{"line":22,"column":0},"end":{"line":22,"column":38}}},"fnMap":{"0":{"name":"(anonymous_0)","decl":{"start":{"line":5,"column":4},"end":{"line":5,"column":5}},"loc":{"start":{"line":5,"column":70},"end":{"line":15,"column":5}},"line":5},"1":{"name":"(anonymous_1)","decl":{"start":{"line":17,"column":4},"end":{"line":17,"column":5}},"loc":{"start":{"line":17,"column":33},"end":{"line":19,"column":5}},"line":17}},"branchMap":{},"s":{"0":1,"1":1,"2":1,"3":1,"4":5,"5":1},"f":{"0":1,"1":5},"b":{},"_coverageSchema":"1a1c01bbd47fc00a2c39e90264f33305004495a9","hash":"b25772a6a5150c7e4e10028f3720b4670992f00c"}
,"C:\\Users\\Felhasznalo\\OneDrive\\Asztali gép\\VizsgaRemek\\API\\api\\services\\AuthService.js": {"path":"C:\\Users\\Felhasznalo\\OneDrive\\Asztali gép\\VizsgaRemek\\API\\api\\services\\AuthService.js","statementMap":{"0":{"start":{"line":1,"column":23},"end":{"line":1,"column":64}},"1":{"start":{"line":2,"column":15},"end":{"line":2,"column":32}},"2":{"start":{"line":3,"column":12},"end":{"line":3,"column":35}},"3":{"start":{"line":4,"column":11},"end":{"line":4,"column":24}},"4":{"start":{"line":5,"column":13},"end":{"line":5,"column":28}},"5":{"start":{"line":10,"column":8},"end":{"line":12,"column":9}},"6":{"start":{"line":11,"column":12},"end":{"line":11,"column":83}},"7":{"start":{"line":15,"column":8},"end":{"line":17,"column":9}},"8":{"start":{"line":16,"column":12},"end":{"line":16,"column":75}},"9":{"start":{"line":20,"column":27},"end":{"line":20,"column":55}},"10":{"start":{"line":21,"column":8},"end":{"line":23,"column":9}},"11":{"start":{"line":22,"column":12},"end":{"line":22,"column":52}},"12":{"start":{"line":26,"column":29},"end":{"line":26,"column":72}},"13":{"start":{"line":27,"column":8},"end":{"line":29,"column":9}},"14":{"start":{"line":28,"column":12},"end":{"line":28,"column":67}},"15":{"start":{"line":32,"column":41},"end":{"line":32,"column":93}},"16":{"start":{"line":36,"column":8},"end":{"line":36,"column":106}},"17":{"start":{"line":40,"column":21},"end":{"line":40,"column":64}},"18":{"start":{"line":41,"column":8},"end":{"line":43,"column":9}},"19":{"start":{"line":42,"column":12},"end":{"line":42,"column":57}},"20":{"start":{"line":45,"column":30},"end":{"line":45,"column":75}},"21":{"start":{"line":46,"column":8},"end":{"line":48,"column":9}},"22":{"start":{"line":47,"column":12},"end":{"line":47,"column":57}},"23":{"start":{"line":50,"column":22},"end":{"line":54,"column":9}},"24":{"start":{"line":55,"column":8},"end":{"line":55,"column":31}},"25":{"start":{"line":59,"column":0},"end":{"line":59,"column":35}}},"fnMap":{"0":{"name":"(anonymous_0)","decl":{"start":{"line":8,"column":4},"end":{"line":8,"column":5}},"loc":{"start":{"line":8,"column":52},"end":{"line":37,"column":5}},"line":8},"1":{"name":"(anonymous_1)","decl":{"start":{"line":39,"column":4},"end":{"line":39,"column":5}},"loc":{"start":{"line":39,"column":33},"end":{"line":56,"column":5}},"line":39}},"branchMap":{"0":{"loc":{"start":{"line":10,"column":8},"end":{"line":12,"column":9}},"type":"if","locations":[{"start":{"line":10,"column":8},"end":{"line":12,"column":9}},{"start":{},"end":{}}],"line":10},"1":{"loc":{"start":{"line":10,"column":12},"end":{"line":10,"column":44}},"type":"binary-expr","locations":[{"start":{"line":10,"column":12},"end":{"line":10,"column":21}},{"start":{"line":10,"column":25},"end":{"line":10,"column":34}},{"start":{"line":10,"column":38},"end":{"line":10,"column":44}}],"line":10},"2":{"loc":{"start":{"line":15,"column":8},"end":{"line":17,"column":9}},"type":"if","locations":[{"start":{"line":15,"column":8},"end":{"line":17,"column":9}},{"start":{},"end":{}}],"line":15},"3":{"loc":{"start":{"line":21,"column":8},"end":{"line":23,"column":9}},"type":"if","locations":[{"start":{"line":21,"column":8},"end":{"line":23,"column":9}},{"start":{},"end":{}}],"line":21},"4":{"loc":{"start":{"line":27,"column":8},"end":{"line":29,"column":9}},"type":"if","locations":[{"start":{"line":27,"column":8},"end":{"line":29,"column":9}},{"start":{},"end":{}}],"line":27},"5":{"loc":{"start":{"line":41,"column":8},"end":{"line":43,"column":9}},"type":"if","locations":[{"start":{"line":41,"column":8},"end":{"line":43,"column":9}},{"start":{},"end":{}}],"line":41},"6":{"loc":{"start":{"line":46,"column":8},"end":{"line":48,"column":9}},"type":"if","locations":[{"start":{"line":46,"column":8},"end":{"line":48,"column":9}},{"start":{},"end":{}}],"line":46}},"s":{"0":1,"1":1,"2":1,"3":1,"4":1,"5":7,"6":3,"7":4,"8":1,"9":3,"10":3,"11":1,"12":2,"13":2,"14":1,"15":1,"16":1,"17":3,"18":3,"19":1,"20":2,"21":2,"22":1,"23":1,"24":1,"25":1},"f":{"0":7,"1":3},"b":{"0":[3,4],"1":[7,6,5],"2":[1,3],"3":[1,2],"4":[1,1],"5":[1,2],"6":[1,1]},"_coverageSchema":"1a1c01bbd47fc00a2c39e90264f33305004495a9","hash":"e2411ea1c59ee1e359006c0c65b8e6366e5a1cda"}
}
