TN:
SF:api\repositories\CommentRepository.js
FN:4,(anonymous_0)
FN:14,(anonymous_1)
FN:18,(anonymous_2)
FN:22,(anonymous_3)
FNF:4
FNH:3
FNDA:2,(anonymous_0)
FNDA:1,(anonymous_1)
FNDA:0,(anonymous_2)
FNDA:1,(anonymous_3)
DA:1,1
DA:5,2
DA:15,1
DA:19,0
DA:23,1
DA:27,1
LF:6
LH:5
BRF:0
BRH:0
end_of_record
TN:
SF:api\repositories\PlaceRepository.js
FN:4,(anonymous_0)
FN:8,(anonymous_1)
FN:12,(anonymous_2)
FNF:3
FNH:0
FNDA:0,(anonymous_0)
FNDA:0,(anonymous_1)
FNDA:0,(anonymous_2)
DA:1,1
DA:5,0
DA:9,0
DA:13,0
DA:17,1
LF:5
LH:2
BRF:0
BRH:0
end_of_record
TN:
SF:api\repositories\RatingRepository.js
FN:4,(anonymous_0)
FN:12,(anonymous_1)
FN:21,(anonymous_2)
FN:25,(anonymous_3)
FNF:4
FNH:4
FNDA:2,(anonymous_0)
FNDA:1,(anonymous_1)
FNDA:2,(anonymous_2)
FNDA:3,(anonymous_3)
DA:1,1
DA:5,2
DA:14,1
DA:18,1
DA:22,2
DA:26,3
DA:30,1
LF:7
LH:7
BRF:0
BRH:0
end_of_record
TN:
SF:api\repositories\UserRepository.js
FN:5,(anonymous_0)
FN:17,(anonymous_1)
FNF:2
FNH:2
FNDA:1,(anonymous_0)
FNDA:5,(anonymous_1)
DA:1,1
DA:2,1
DA:6,1
DA:8,1
DA:18,5
DA:22,1
LF:6
LH:6
BRF:0
BRH:0
end_of_record
TN:
SF:api\services\AuthService.js
FN:8,(anonymous_0)
FN:39,(anonymous_1)
FNF:2
FNH:2
FNDA:2,(anonymous_0)
FNDA:3,(anonymous_1)
DA:1,1
DA:2,1
DA:3,1
DA:4,1
DA:5,1
DA:10,2
DA:11,0
DA:15,2
DA:16,0
DA:20,2
DA:21,2
DA:22,0
DA:26,2
DA:27,2
DA:28,1
DA:32,1
DA:36,1
DA:40,3
DA:41,3
DA:42,1
DA:45,2
DA:46,2
DA:47,1
DA:50,1
DA:55,1
DA:59,1
LF:26
LH:23
BRDA:10,0,0,0
BRDA:10,0,1,2
BRDA:10,1,0,2
BRDA:10,1,1,2
BRDA:10,1,2,2
BRDA:15,2,0,0
BRDA:15,2,1,2
BRDA:21,3,0,0
BRDA:21,3,1,2
BRDA:27,4,0,1
BRDA:27,4,1,1
BRDA:41,5,0,1
BRDA:41,5,1,2
BRDA:46,6,0,1
BRDA:46,6,1,1
BRF:15
BRH:12
end_of_record
