TN:
SF:api\repositories\CommentRepository.js
FN:4,(anonymous_0)
FN:14,(anonymous_1)
FN:24,(anonymous_2)
FN:28,(anonymous_3)
FN:32,(anonymous_4)
FNF:5
FNH:5
FNDA:4,(anonymous_0)
FNDA:2,(anonymous_1)
FNDA:1,(anonymous_2)
FNDA:1,(anonymous_3)
FNDA:1,(anonymous_4)
DA:1,1
DA:5,4
DA:15,2
DA:16,2
DA:18,1
DA:19,1
DA:21,1
DA:25,1
DA:29,1
DA:33,1
DA:37,1
LF:11
LH:11
BRDA:16,0,0,1
BRDA:16,0,1,1
BRF:2
BRH:2
end_of_record
TN:
SF:api\repositories\PlaceRepository.js
FN:4,(anonymous_0)
FN:8,(anonymous_1)
FN:12,(anonymous_2)
FNF:3
FNH:3
FNDA:2,(anonymous_0)
FNDA:1,(anonymous_1)
FNDA:1,(anonymous_2)
DA:1,2
DA:5,2
DA:9,1
DA:13,1
DA:17,2
LF:5
LH:5
BRF:0
BRH:0
end_of_record
TN:
SF:api\repositories\RatingRepository.js
FN:4,(anonymous_0)
FN:13,(anonymous_1)
FN:21,(anonymous_2)
FN:25,(anonymous_3)
FNF:4
FNH:4
FNDA:2,(anonymous_0)
FNDA:1,(anonymous_1)
FNDA:2,(anonymous_2)
FNDA:3,(anonymous_3)
DA:1,1
DA:5,2
DA:14,1
DA:18,1
DA:22,2
DA:26,3
DA:30,1
LF:7
LH:7
BRF:0
BRH:0
end_of_record
TN:
SF:api\repositories\UserRepository.js
FN:5,(anonymous_0)
FN:17,(anonymous_1)
FNF:2
FNH:2
FNDA:1,(anonymous_0)
FNDA:5,(anonymous_1)
DA:1,1
DA:2,1
DA:6,1
DA:8,1
DA:18,5
DA:22,1
LF:6
LH:6
BRF:0
BRH:0
end_of_record
TN:
SF:api\services\AuthService.js
FN:8,(anonymous_0)
FN:33,(anonymous_1)
FNF:2
FNH:2
FNDA:7,(anonymous_0)
FNDA:3,(anonymous_1)
DA:1,1
DA:2,1
DA:3,1
DA:4,1
DA:5,1
DA:9,7
DA:10,3
DA:13,4
DA:14,1
DA:17,3
DA:18,3
DA:19,1
DA:22,2
DA:23,2
DA:24,1
DA:27,1
DA:30,1
DA:34,3
DA:35,3
DA:36,1
DA:39,2
DA:40,2
DA:41,1
DA:44,1
DA:49,1
DA:53,1
LF:26
LH:26
BRDA:9,0,0,3
BRDA:9,0,1,4
BRDA:9,1,0,7
BRDA:9,1,1,6
BRDA:9,1,2,5
BRDA:13,2,0,1
BRDA:13,2,1,3
BRDA:18,3,0,1
BRDA:18,3,1,2
BRDA:23,4,0,1
BRDA:23,4,1,1
BRDA:35,5,0,1
BRDA:35,5,1,2
BRDA:40,6,0,1
BRDA:40,6,1,1
BRF:15
BRH:15
end_of_record
